This is pdfTeX, Version 3.141592653-2.6-1.40.26 (TeX Live 2024) (preloaded format=pdflatex 2024.5.22)  23 JUN 2024 15:47
entering extended mode
 restricted \write18 enabled.
 file:line:error style messages enabled.
 %&-line parsing enabled.
**c:/Latex/OORP/SettingDirection.tex
(c:/Latex/OORP/SettingDirection.tex
LaTeX2e <2023-11-01> patch level 1
L3 programming layer <2024-04-11>
(c:/texlive/2024/texmf-dist/tex/latex/base/book.cls
Document Class: book 2023/05/17 v1.4n Standard LaTeX document class
(c:/texlive/2024/texmf-dist/tex/latex/base/bk10.clo
File: bk10.clo 2023/05/17 v1.4n Standard LaTeX file (size option)
)
\c@part=\count189
\c@chapter=\count190
\c@section=\count191
\c@subsection=\count192
\c@subsubsection=\count193
\c@paragraph=\count194
\c@subparagraph=\count195
\c@figure=\count196
\c@table=\count197
\abovecaptionskip=\skip48
\belowcaptionskip=\skip49
\bibindent=\dimen140
) (c:/texlive/2024/texmf-dist/tex/latex/geometry/geometry.sty
Package: geometry 2020/01/02 v5.9 Page Geometry
 (c:/texlive/2024/texmf-dist/tex/latex/graphics/keyval.sty
Package: keyval 2022/05/29 v1.15 key=value parser (DPC)
\KV@toks@=\toks17
) (c:/texlive/2024/texmf-dist/tex/generic/iftex/ifvtex.sty
Package: ifvtex 2019/10/25 v1.7 ifvtex legacy package. Use iftex instead.
 (c:/texlive/2024/texmf-dist/tex/generic/iftex/iftex.sty
Package: iftex 2022/02/03 v1.0f TeX engine tests
))
\Gm@cnth=\count198
\Gm@cntv=\count199
\c@Gm@tempcnt=\count266
\Gm@bindingoffset=\dimen141
\Gm@wd@mp=\dimen142
\Gm@odd@mp=\dimen143
\Gm@even@mp=\dimen144
\Gm@layoutwidth=\dimen145
\Gm@layoutheight=\dimen146
\Gm@layouthoffset=\dimen147
\Gm@layoutvoffset=\dimen148
\Gm@dimlist=\toks18
) (c:/texlive/2024/texmf-dist/tex/latex/cjk-ko/kotex.sty
Package: kotex 2015/04/19 v1.6 Korean TeX (ko.TeX)
 (c:/texlive/2024/texmf-dist/tex/latex/kotex-utf/kotex.cfg) (c:/texlive/2024/texmf-dist/tex/latex/kotex-utf/kotexutf.sty
Package: kotexutf 2022/06/22 v3.0.0 typesetting UTF-8 Korean documents
 (c:/texlive/2024/texmf-dist/tex/latex/base/inputenc.sty
Package: inputenc 2021/02/14 v1.3d Input encoding file
\inpenc@prehook=\toks19
\inpenc@posthook=\toks20
) (c:/texlive/2024/texmf-dist/tex/plain/kotex-plain/kotexutf-core.tex
\unih@ngulpoint=\count267
\dhucs@emph@raise=\dimen149
)
Now handling font encoding LUC ...
... processing UTF-8 mapping file for font encoding LUC
 (c:/texlive/2024/texmf-dist/tex/latex/kotex-utf/lucenc.dfu
File: lucenc.dfu 2007/09/05 UTF-8 support for dhucs
   defining Unicode char U+00B7 (decimal 183)
   defining Unicode char U+2018 (decimal 8216)
   defining Unicode char U+2019 (decimal 8217)
   defining Unicode char U+201C (decimal 8220)
   defining Unicode char U+201D (decimal 8221)
   defining Unicode char U+3001 (decimal 12289)
   defining Unicode char U+3002 (decimal 12290)
   defining Unicode char U+3008 (decimal 12296)
   defining Unicode char U+3009 (decimal 12297)
   defining Unicode char U+300A (decimal 12298)
   defining Unicode char U+300B (decimal 12299)
   defining Unicode char U+300C (decimal 12300)
   defining Unicode char U+300D (decimal 12301)
   defining Unicode char U+300E (decimal 12302)
   defining Unicode char U+300F (decimal 12303)
   defining Unicode char U+3010 (decimal 12304)
   defining Unicode char U+3011 (decimal 12305)
   defining Unicode char U+3014 (decimal 12308)
   defining Unicode char U+3015 (decimal 12309)
   defining Unicode char U+3016 (decimal 12310)
   defining Unicode char U+3017 (decimal 12311)
   defining Unicode char U+3018 (decimal 12312)
   defining Unicode char U+3019 (decimal 12313)
   defining Unicode char U+301A (decimal 12314)
   defining Unicode char U+301B (decimal 12315)
   defining Unicode char U+FF01 (decimal 65281)
   defining Unicode char U+FF08 (decimal 65288)
   defining Unicode char U+FF09 (decimal 65289)
   defining Unicode char U+FF0C (decimal 65292)
   defining Unicode char U+FF0E (decimal 65294)
   defining Unicode char U+FF1A (decimal 65306)
   defining Unicode char U+FF1B (decimal 65307)
   defining Unicode char U+FF1C (decimal 65308)
   defining Unicode char U+FF1D (decimal 65309)
   defining Unicode char U+FF1E (decimal 65310)
   defining Unicode char U+FF1F (decimal 65311)
   defining Unicode char U+FF3B (decimal 65339)
   defining Unicode char U+FF3D (decimal 65341)
   defining Unicode char U+FF5B (decimal 65371)
   defining Unicode char U+FF5D (decimal 65373)
   defining Unicode char U+FF61 (decimal 65377)
   defining Unicode char U+FF62 (decimal 65378)
   defining Unicode char U+FF63 (decimal 65379)
   defining Unicode char U+FF64 (decimal 65380)
   defining Unicode char U+FF65 (decimal 65381)
)
\@josa=\count268
\josatoks=\toks21
 (c:/texlive/2024/texmf-dist/tex/latex/cjk-ko/kolabels-utf.sty
Package: kolabels-utf 2015/03/20 v1.5 UTF-8 Hangul item labels
) (c:/texlive/2024/texmf-dist/tex/latex/kotex-utf/kosections-utf.sty
File: kosections-utf 2022/06/20 hangul option to kotex/utf
   defining Unicode char U+00BC (decimal 188)
   defining Unicode char U+00BD (decimal 189)
   defining Unicode char U+00BE (decimal 190)
   defining Unicode char U+02D0 (decimal 720)
   defining Unicode char U+2025 (decimal 8229)
   defining Unicode char U+2015 (decimal 8213)
   defining Unicode char U+2312 (decimal 8978)
   defining Unicode char U+203B (decimal 8251)
 (c:/texlive/2024/texmf-dist/tex/latex/cjk-ko/konames-utf.sty
Package: konames-utf 2015/07/06 v1.7 UTF-8 Hangul captions
)
\raisedotdim=\dimen150
\dhucs@emph@width=\dimen151
\useremphraisedim=\dimen152
))) (./common.tex (c:/texlive/2024/texmf-dist/tex/latex/base/fontenc.sty
Package: fontenc 2021/04/29 v2.0v Standard LaTeX package
) (c:/texlive/2024/texmf-dist/tex/latex/psnfss/palatino.sty
Package: palatino 2020/03/25 PSNFSS-v9.3 (SPQR) 
) (c:/texlive/2024/texmf-dist/tex/latex/base/ifthen.sty
Package: ifthen 2022/04/13 v1.1d Standard LaTeX ifthen package (DPC)
) (c:/texlive/2024/texmf-dist/tex/latex/graphics/graphicx.sty
Package: graphicx 2021/09/16 v1.2d Enhanced LaTeX Graphics (DPC,SPQR)
 (c:/texlive/2024/texmf-dist/tex/latex/graphics/graphics.sty
Package: graphics 2022/03/10 v1.4e Standard LaTeX Graphics (DPC,SPQR)
 (c:/texlive/2024/texmf-dist/tex/latex/graphics/trig.sty
Package: trig 2021/08/11 v1.11 sin cos tan (DPC)
) (c:/texlive/2024/texmf-dist/tex/latex/graphics-cfg/graphics.cfg
File: graphics.cfg 2016/06/04 v1.11 sample graphics configuration
)
Package graphics Info: Driver file: pdftex.def on input line 107.
 (c:/texlive/2024/texmf-dist/tex/latex/graphics-def/pdftex.def
File: pdftex.def 2024/04/13 v1.2c Graphics/color driver for pdftex
))
\Gin@req@height=\dimen153
\Gin@req@width=\dimen154
) (c:/texlive/2024/texmf-dist/tex/latex/tools/xspace.sty
Package: xspace 2014/10/28 v1.13 Space after command names (DPC,MH)
) (c:/texlive/2024/texmf-dist/tex/latex/base/makeidx.sty
Package: makeidx 2021/10/04 v1.0m Standard LaTeX package
) (c:/texlive/2024/texmf-dist/tex/latex/isodate/isodateo.sty
Package: isodateo 2004/02/12
 (c:/texlive/2024/texmf-dist/tex/latex/tools/calc.sty
Package: calc 2023/07/08 v4.3 Infix arithmetic (KKT,FJ)
\calc@Acount=\count269
\calc@Bcount=\count270
\calc@Adimen=\dimen155
\calc@Bdimen=\dimen156
\calc@Askip=\skip50
\calc@Bskip=\skip51
LaTeX Info: Redefining \setlength on input line 80.
LaTeX Info: Redefining \addtolength on input line 81.
\calc@Ccount=\count271
\calc@Cskip=\skip52
) (c:/texlive/2024/texmf-dist/tex/latex/substr/substr.sty
Package: substr 2009/10/20 v1.2 Handle substrings
\c@su@anzahl=\count272
)
\c@yeartwo=\count273
\c@iso@slash=\count274
\c@iso@minus=\count275
\c@iso@dot=\count276
) (c:/texlive/2024/texmf-dist/tex/latex/amsfonts/amssymb.sty
Package: amssymb 2013/01/14 v3.01 AMS font symbols
 (c:/texlive/2024/texmf-dist/tex/latex/amsfonts/amsfonts.sty
Package: amsfonts 2013/01/14 v3.01 Basic AMSFonts support
\@emptytoks=\toks22
\symAMSa=\mathgroup4
\symAMSb=\mathgroup5
LaTeX Font Info:    Redeclaring math symbol \hbar on input line 98.
LaTeX Font Info:    Overwriting math alphabet `\mathfrak' in version `bold'
(Font)                  U/euf/m/n --> U/euf/b/n on input line 106.
)) (c:/texlive/2024/texmf-dist/tex/latex/base/textcomp.sty
Package: textcomp 2020/02/02 v2.0n Standard LaTeX package
) (c:/texlive/2024/texmf-dist/tex/latex/graphics/color.sty
Package: color 2022/01/06 v1.3d Standard LaTeX Color (DPC)
 (c:/texlive/2024/texmf-dist/tex/latex/graphics-cfg/color.cfg
File: color.cfg 2016/01/02 v1.6 sample color configuration
)
Package color Info: Driver file: pdftex.def on input line 149.
 (c:/texlive/2024/texmf-dist/tex/latex/graphics/dvipsnam.def
File: dvipsnam.def 2016/06/17 v3.0m Driver-dependent file (DPC,SPQR)
) (c:/texlive/2024/texmf-dist/tex/latex/graphics/mathcolor.ltx)) (c:/texlive/2024/texmf-dist/tex/latex/hyperref/hyperref.sty
Package: hyperref 2024-01-20 v7.01h Hypertext links for LaTeX
 (c:/texlive/2024/texmf-dist/tex/latex/kvsetkeys/kvsetkeys.sty
Package: kvsetkeys 2022-10-05 v1.19 Key value parser (HO)
) (c:/texlive/2024/texmf-dist/tex/generic/kvdefinekeys/kvdefinekeys.sty
Package: kvdefinekeys 2019-12-19 v1.6 Define keys (HO)
) (c:/texlive/2024/texmf-dist/tex/generic/pdfescape/pdfescape.sty
Package: pdfescape 2019/12/09 v1.15 Implements pdfTeX's escape features (HO)
 (c:/texlive/2024/texmf-dist/tex/generic/ltxcmds/ltxcmds.sty
Package: ltxcmds 2023-12-04 v1.26 LaTeX kernel commands for general use (HO)
) (c:/texlive/2024/texmf-dist/tex/generic/pdftexcmds/pdftexcmds.sty
Package: pdftexcmds 2020-06-27 v0.33 Utility functions of pdfTeX for LuaTeX (HO)
 (c:/texlive/2024/texmf-dist/tex/generic/infwarerr/infwarerr.sty
Package: infwarerr 2019/12/03 v1.5 Providing info/warning/error messages (HO)
)
Package pdftexcmds Info: \pdf@primitive is available.
Package pdftexcmds Info: \pdf@ifprimitive is available.
Package pdftexcmds Info: \pdfdraftmode found.
)) (c:/texlive/2024/texmf-dist/tex/latex/hycolor/hycolor.sty
Package: hycolor 2020-01-27 v1.10 Color options for hyperref/bookmark (HO)
) (c:/texlive/2024/texmf-dist/tex/latex/auxhook/auxhook.sty
Package: auxhook 2019-12-17 v1.6 Hooks for auxiliary files (HO)
) (c:/texlive/2024/texmf-dist/tex/latex/hyperref/nameref.sty
Package: nameref 2023-11-26 v2.56 Cross-referencing by name of section
 (c:/texlive/2024/texmf-dist/tex/latex/refcount/refcount.sty
Package: refcount 2019/12/15 v3.6 Data extraction from label references (HO)
) (c:/texlive/2024/texmf-dist/tex/generic/gettitlestring/gettitlestring.sty
Package: gettitlestring 2019/12/15 v1.6 Cleanup title references (HO)
 (c:/texlive/2024/texmf-dist/tex/latex/kvoptions/kvoptions.sty
Package: kvoptions 2022-06-15 v3.15 Key value format for package options (HO)
))
\c@section@level=\count277
) (c:/texlive/2024/texmf-dist/tex/latex/etoolbox/etoolbox.sty
Package: etoolbox 2020/10/05 v2.5k e-TeX tools for LaTeX (JAW)
\etb@tempcnta=\count278
)
\@linkdim=\dimen157
\Hy@linkcounter=\count279
\Hy@pagecounter=\count280
 (c:/texlive/2024/texmf-dist/tex/latex/hyperref/pd1enc.def
File: pd1enc.def 2024-01-20 v7.01h Hyperref: PDFDocEncoding definition (HO)
Now handling font encoding PD1 ...
... no UTF-8 mapping file for font encoding PD1
) (c:/texlive/2024/texmf-dist/tex/generic/intcalc/intcalc.sty
Package: intcalc 2019/12/15 v1.3 Expandable calculations with integers (HO)
)
\Hy@SavedSpaceFactor=\count281
 (c:/texlive/2024/texmf-dist/tex/latex/hyperref/puenc.def
File: puenc.def 2024-01-20 v7.01h Hyperref: PDF Unicode definition (HO)
Now handling font encoding PU ...
... no UTF-8 mapping file for font encoding PU
)
Package hyperref Info: Option `colorlinks' set `true' on input line 4062.
Package hyperref Info: Hyper figures OFF on input line 4179.
Package hyperref Info: Link nesting OFF on input line 4184.
Package hyperref Info: Hyper index ON on input line 4187.
Package hyperref Info: Plain pages OFF on input line 4194.
Package hyperref Info: Backreferencing OFF on input line 4199.
Package hyperref Info: Implicit mode ON; LaTeX internals redefined.
Package hyperref Info: Bookmarks ON on input line 4446.
\c@Hy@tempcnt=\count282
 (c:/texlive/2024/texmf-dist/tex/latex/url/url.sty
\Urlmuskip=\muskip16
Package: url 2013/09/16  ver 3.4  Verb mode for urls, etc.
)
LaTeX Info: Redefining \url on input line 4784.
\XeTeXLinkMargin=\dimen158
 (c:/texlive/2024/texmf-dist/tex/generic/bitset/bitset.sty
Package: bitset 2019/12/09 v1.3 Handle bit-vector datatype (HO)
 (c:/texlive/2024/texmf-dist/tex/generic/bigintcalc/bigintcalc.sty
Package: bigintcalc 2019/12/15 v1.5 Expandable calculations on big integers (HO)
))
\Fld@menulength=\count283
\Field@Width=\dimen159
\Fld@charsize=\dimen160
Package hyperref Info: Hyper figures OFF on input line 6063.
Package hyperref Info: Link nesting OFF on input line 6068.
Package hyperref Info: Hyper index ON on input line 6071.
Package hyperref Info: backreferencing OFF on input line 6078.
Package hyperref Info: Link coloring ON on input line 6081.
Package hyperref Info: Link coloring with OCG OFF on input line 6088.
Package hyperref Info: PDF/A mode OFF on input line 6093.
 (c:/texlive/2024/texmf-dist/tex/latex/base/atbegshi-ltx.sty
Package: atbegshi-ltx 2021/01/10 v1.0c Emulation of the original atbegshi
package with kernel methods
)
\Hy@abspage=\count284
\c@Item=\count285
\c@Hfootnote=\count286
)
Package hyperref Info: Driver (autodetected): hpdftex.
 (c:/texlive/2024/texmf-dist/tex/latex/hyperref/hpdftex.def
File: hpdftex.def 2024-01-20 v7.01h Hyperref driver for pdfTeX
 (c:/texlive/2024/texmf-dist/tex/latex/base/atveryend-ltx.sty
Package: atveryend-ltx 2020/08/19 v1.0a Emulation of the original atveryend package
with kernel methods
)
\Fld@listcount=\count287
\c@bookmark@seq@number=\count288
 (c:/texlive/2024/texmf-dist/tex/latex/rerunfilecheck/rerunfilecheck.sty
Package: rerunfilecheck 2022-07-10 v1.10 Rerun checks for auxiliary files (HO)
 (c:/texlive/2024/texmf-dist/tex/generic/uniquecounter/uniquecounter.sty
Package: uniquecounter 2019/12/15 v1.4 Provide unlimited unique counter (HO)
)
Package uniquecounter Info: New unique counter `rerunfilecheck' on input line 285.
)
\Hy@SectionHShift=\skip53
) (c:/texlive/2024/texmf-dist/tex/latex/listings/listings.sty
\lst@mode=\count289
\lst@gtempboxa=\box51
\lst@token=\toks23
\lst@length=\count290
\lst@currlwidth=\dimen161
\lst@column=\count291
\lst@pos=\count292
\lst@lostspace=\dimen162
\lst@width=\dimen163
\lst@newlines=\count293
\lst@lineno=\count294
\lst@maxwidth=\dimen164
 (c:/texlive/2024/texmf-dist/tex/latex/listings/lstpatch.sty
File: lstpatch.sty 2024/03/11 1.10a (Carsten Heinz)
) (c:/texlive/2024/texmf-dist/tex/latex/listings/lstmisc.sty
File: lstmisc.sty 2024/03/11 1.10a (Carsten Heinz)
\c@lstnumber=\count295
\lst@skipnumbers=\count296
\lst@framebox=\box52
) (c:/texlive/2024/texmf-dist/tex/latex/listings/listings.cfg
File: listings.cfg 2024/03/11 1.10a listings configuration
))
Package: listings 2024/03/11 1.10a (Carsten Heinz)
)
LaTeX Font Info:    Trying to load font information for T1+ppl on input line 25.
 (c:/texlive/2024/texmf-dist/tex/latex/psnfss/t1ppl.fd
File: t1ppl.fd 2001/06/04 font definitions for T1/ppl.
) (c:/texlive/2024/texmf-dist/tex/latex/l3backend/l3backend-pdftex.def
File: l3backend-pdftex.def 2024-04-11 L3 backend support: PDF output (pdfTeX)
\l__color_backend_stack_int=\count297
\l__pdf_internal_box=\box53
) (./SettingDirection.aux)
\openout1 = `SettingDirection.aux'.

LaTeX Font Info:    Checking defaults for OML/cmm/m/it on input line 25.
LaTeX Font Info:    ... okay on input line 25.
LaTeX Font Info:    Checking defaults for OMS/cmsy/m/n on input line 25.
LaTeX Font Info:    ... okay on input line 25.
LaTeX Font Info:    Checking defaults for OT1/cmr/m/n on input line 25.
LaTeX Font Info:    ... okay on input line 25.
LaTeX Font Info:    Checking defaults for T1/cmr/m/n on input line 25.
LaTeX Font Info:    ... okay on input line 25.
LaTeX Font Info:    Checking defaults for TS1/cmr/m/n on input line 25.
LaTeX Font Info:    ... okay on input line 25.
LaTeX Font Info:    Checking defaults for OMX/cmex/m/n on input line 25.
LaTeX Font Info:    ... okay on input line 25.
LaTeX Font Info:    Checking defaults for U/cmr/m/n on input line 25.
LaTeX Font Info:    ... okay on input line 25.
LaTeX Font Info:    Checking defaults for LUC/nanummj/m/n on input line 25.
LaTeX Font Info:    Trying to load font information for LUC+nanummj on input line 25.
 (c:/texlive/2024/texmf-dist/tex/latex/nanumtype1/lucnanummj.fd
File: lucnanummj.fd 2013/02/12 v0.1 Nanum Myeongjo font definitions
)
LaTeX Font Info:    ... okay on input line 25.
LaTeX Font Info:    Checking defaults for PD1/pdf/m/n on input line 25.
LaTeX Font Info:    ... okay on input line 25.
LaTeX Font Info:    Checking defaults for PU/pdf/m/n on input line 25.
LaTeX Font Info:    ... okay on input line 25.

*geometry* driver: auto-detecting
*geometry* detected driver: pdftex
*geometry* verbose mode - [ preamble ] result:
* driver: pdftex
* paper: custom
* layout: <same size as paper>
* layoutoffset:(h,v)=(0.0pt,0.0pt)
* modes: twoside 
* h-part:(L,W,R)=(58.90022pt, 325.215pt, 58.90022pt)
* v-part:(T,H,B)=(70.82428pt, 523.95862pt, 70.82428pt)
* \paperwidth=443.01544pt
* \paperheight=665.60718pt
* \textwidth=325.215pt
* \textheight=523.95862pt
* \oddsidemargin=-13.36977pt
* \evensidemargin=-13.36977pt
* \topmargin=-31.5132pt
* \headheight=12.0pt
* \headsep=28.45274pt
* \topskip=10.0pt
* \footskip=25.29494pt
* \marginparwidth=115.0pt
* \marginparsep=7.0pt
* \columnsep=10.0pt
* \skip\footins=12.5pt plus 5.55573pt minus 2.7771pt
* \hoffset=0.0pt
* \voffset=0.0pt
* \mag=1000
* \@twocolumnfalse
* \@twosidetrue
* \@mparswitchtrue
* \@reversemarginfalse
* (1in=72.27pt=25.4mm, 1cm=28.453pt)

(c:/texlive/2024/texmf-dist/tex/context/base/mkii/supp-pdf.mkii
[Loading MPS to PDF converter (version 2006.09.02).]
\scratchcounter=\count298
\scratchdimen=\dimen165
\scratchbox=\box54
\nofMPsegments=\count299
\nofMParguments=\count300
\everyMPshowfont=\toks24
\MPscratchCnt=\count301
\MPscratchDim=\dimen166
\MPnumerator=\count302
\makeMPintoPDFobject=\count303
\everyMPtoPDFconversion=\toks25
) (c:/texlive/2024/texmf-dist/tex/latex/epstopdf-pkg/epstopdf-base.sty
Package: epstopdf-base 2020-01-24 v2.11 Base part for package epstopdf
Package epstopdf-base Info: Redefining graphics rule for `.eps' on input line 485.
 (c:/texlive/2024/texmf-dist/tex/latex/latexconfig/epstopdf-sys.cfg
File: epstopdf-sys.cfg 2010/07/13 v1.3 Configuration of (r)epstopdf for TeX Live
))
Package hyperref Info: Link coloring ON on input line 25.
 (./SettingDirection.out) (./SettingDirection.out)
\@outlinefile=\write3
\openout3 = `SettingDirection.out'.

\c@lstlisting=\count304

제 1 장.
LaTeX Font Info:    Font shape `LUC/nanummj/b/n' in size <20.74> not available
(Font)              Font shape `LUC/nanummj/bx/n' tried instead on input line 30.
LaTeX Font Info:    Font shape `LUC/nanummj/b/n' in size <24.88> not available
(Font)              Font shape `LUC/nanummj/bx/n' tried instead on input line 30.
LaTeX Font Info:    Font shape `LUC/nanummj/b/n' in size <12> not available
(Font)              Font shape `LUC/nanummj/bx/n' tried instead on input line 36.
LaTeX Font Info:    Trying to load font information for U+msa on input line 36.
(c:/texlive/2024/texmf-dist/tex/latex/amsfonts/umsa.fd
File: umsa.fd 2013/01/14 v3.01 AMS symbols A
)
LaTeX Font Info:    Trying to load font information for U+msb on input line 36.
 (c:/texlive/2024/texmf-dist/tex/latex/amsfonts/umsb.fd
File: umsb.fd 2013/01/14 v3.01 AMS symbols B
)
LaTeX Font Info:    Trying to load font information for TS1+ppl on input line 38.
 (c:/texlive/2024/texmf-dist/tex/latex/psnfss/ts1ppl.fd
File: ts1ppl.fd 2001/06/04 font definitions for TS1/ppl.
) [1


{c:/texlive/2024/texmf-var/fonts/map/pdftex/updmap/pdftex.map}{c:/texlive/2024/texmf-dist/fonts/enc/dvips/base/8r.enc}]
<figures/SettingDirectionMap.png, id=88, 195.6108pt x 94.9146pt>
File: figures/SettingDirectionMap.png Graphic file (type png)
<use figures/SettingDirectionMap.png>
Package pdftex.def Info: figures/SettingDirectionMap.png  used on input line 55.
(pdftex.def)             Requested size: 325.215pt x 157.81451pt.


LaTeX Warning: Hyper reference `cha:설정 방향' on page 2 undefined on input line 64.

LaTeX Font Info:    Font shape `LUC/nanummj/m/it' in size <10> not available
(Font)              Font shape `LUC/nanummj/m/sl' tried instead on input line 64.
[2 <./Figures/SettingDirectionMap.png (PNG copy)>]

LaTeX Warning: Hyper reference `pat:InvolveTheUsers' on page 3 undefined on input line 68.


LaTeX Warning: Hyper reference `pat:BuildConfidence' on page 3 undefined on input line 68.

[3] [4

]
LaTeX Font Info:    Font shape `LUC/nanummj/b/n' in size <14.4> not available
(Font)              Font shape `LUC/nanummj/bx/n' tried instead on input line 72.


LaTeX Warning: Citation `Gold95a' on page 5 undefined on input line 83.

[5] [6

]

LaTeX Warning: Citation `Ocal99a' on page 7 undefined on input line 104.

[7] [8

]

LaTeX Warning: Citation `Beck01a' on page 9 undefined on input line 125.

[9] [10

] [11]

LaTeX Warning: Hyper reference `pat:LearnFromThePast' on page 12 undefined on input line 160.


LaTeX Warning: Reference `pat:LearnFromThePast' on page 12 undefined on input line 160.


LaTeX Warning: Citation `Beck01a' on page 12 undefined on input line 162.

[12]

LaTeX Warning: Citation `Davi95a' on page 13 undefined on input line 180.


LaTeX Warning: Hyper reference `pat:InvolveTheUsers' on page 13 undefined on input line 194.


LaTeX Warning: Reference `pat:InvolveTheUsers' on page 13 undefined on input line 194.


LaTeX Warning: Hyper reference `pat:BuildConfidence' on page 13 undefined on input line 194.


LaTeX Warning: Reference `pat:BuildConfidence' on page 13 undefined on input line 194.


LaTeX Warning: Hyper reference `pat:MigrateSystemsIncrementally' on page 13 undefined on input line 194.


LaTeX Warning: Reference `pat:MigrateSystemsIncrementally' on page 13 undefined on input line 194.

[13] [14

]

LaTeX Warning: Hyper reference `pat:PresentTheRightInterface' on page 15 undefined on input line 210.


LaTeX Warning: Reference `pat:PresentTheRightInterface' on page 15 undefined on input line 210.


LaTeX Warning: Hyper reference `pat:SplitUpGodClass' on page 15 undefined on input line 212.


LaTeX Warning: Reference `pat:SplitUpGodClass' on page 15 undefined on input line 212.


LaTeX Warning: Hyper reference `pat:MakeABridgeToTheNewTown' on page 15 undefined on input line 214.


LaTeX Warning: Reference `pat:MakeABridgeToTheNewTown' on page 15 undefined on input line 214.

[15] [16] [17

] [18

]

LaTeX Warning: Citation `Beck00a' on page 19 undefined on input line 257.


LaTeX Warning: Hyper reference `pat:InvolveTheUsers' on page 19 undefined on input line 257.


LaTeX Warning: Reference `pat:InvolveTheUsers' on page 19 undefined on input line 257.


LaTeX Warning: Hyper reference `pat:BuildConfidence' on page 19 undefined on input line 257.


LaTeX Warning: Reference `pat:BuildConfidence' on page 19 undefined on input line 257.

No file SettingDirection.bbl.
[19] (./SettingDirection.aux)
 ***********
LaTeX2e <2023-11-01> patch level 1
L3 programming layer <2024-04-11>
 ***********


LaTeX Warning: There were undefined references.

Package rerunfilecheck Info: File `SettingDirection.out' has not changed.
(rerunfilecheck)             Checksum: DD5C2E9E14DF5F29DAF57A3C95E5EAF9;1133.
 )
(\end occurred when \ifx on line 262 was incomplete) 
Here is how much of TeX's memory you used:
 12502 strings out of 474050
 190590 string characters out of 5746298
 1935754 words of memory out of 5000000
 34565 multiletter control sequences out of 15000+600000
 624408 words of font info for 217 fonts, out of 8000000 for 9000
 1141 hyphenation exceptions out of 8191
 80i,8n,82p,1048b,584s stack positions out of 10000i,1000n,20000p,200000b,200000s
<c:/texlive/2024/texmf-dist/fonts/type1/public/nanumtype1/nanummjbac.pfb><c:/texlive/2024/texmf-dist/fonts/type1/public/nanumtype1/nanummjbad.pfb><c:/texlive/2024/texmf-dist/fonts/type1/public/nanumtype1/nanummjbae.pfb><c:/texlive/2024/texmf-dist/fonts/type1/public/nanumtype1/nanummjbb0.pfb><c:/texlive/2024/texmf-dist/fonts/type1/public/nanumtype1/nanummjbb2.pfb><c:/texlive/2024/texmf-dist/fonts/type1/public/nanumtype1/nanummjbb3.pfb><c:/texlive/2024/texmf-dist/fonts/type1/public/nanumtype1/nanummjbb9.pfb><c:/texlive/2024/texmf-dist/fonts/type1/public/nanumtype1/nanummjbba.pfb><c:/texlive/2024/texmf-dist/fonts/type1/public/nanumtype1/nanummjbbb.pfb><c:/texlive/2024/texmf-dist/fonts/type1/public/nanumtype1/nanummjbbc.pfb><c:/texlive/2024/texmf-dist/fonts/type1/public/nanumtype1/nanummjbbe.pfb><c:/texlive/2024/texmf-dist/fonts/type1/public/nanumtype1/nanummjbc0.pfb><c:/texlive/2024/texmf-dist/fonts/type1/public/nanumtype1/nanummjbc1.pfb><c:/texlive/2024/texmf-dist/fonts/type1/public/nanumtype1/nanummjbc2.pfb><c:/texlive/2024/texmf-dist/fonts/type1/public/nanumtype1/nanummjbc5.pfb><c:/texlive/2024/texmf-dist/fonts/type1/public/nanumtype1/nanummjbc6.pfb><c:/texlive/2024/texmf-dist/fonts/type1/public/nanumtype1/nanummjbc7.pfb><c:/texlive/2024/texmf-dist/fonts/type1/public/nanumtype1/nanummjbc8.pfb><c:/texlive/2024/texmf-dist/fonts/type1/public/nanumtype1/nanummjbc9.pfb><c:/texlive/2024/texmf-dist/fonts/type1/public/nanumtype1/nanummjbce.pfb><c:/texlive/2024/texmf-dist/fonts/type1/public/nanumtype1/nanummjbd0.pfb><c:/texlive/2024/texmf-dist/fonts/type1/public/nanumtype1/nanummjbd1.pfb><c:/texlive/2024/texmf-dist/fonts/type1/public/nanumtype1/nanummjbd5.pfb><c:/texlive/2024/texmf-dist/fonts/type1/public/nanumtype1/nanummjbd6.pfb><c:/texlive/2024/texmf-dist/fonts/type1/public/nanumtype1/nanummjmac.pfb><c:/texlive/2024/texmf-dist/fonts/type1/public/nanumtype1/nanummjmac.pfb><c:/texlive/2024/texmf-dist/fonts/type1/public/nanumtype1/nanummjmad.pfb><c:/texlive/2024/texmf-dist/fonts/type1/public/nanumtype1/nanummjmad.pfb><c:/texlive/2024/texmf-dist/fonts/type1/public/nanumtype1/nanummjmae.pfb><c:/texlive/2024/texmf-dist/fonts/type1/public/nanumtype1/nanummjmae.pfb><c:/texlive/2024/texmf-dist/fonts/type1/public/nanumtype1/nanummjmaf.pfb><c:/texlive/2024/texmf-dist/fonts/type1/public/nanumtype1/nanummjmb0.pfb><c:/texlive/2024/texmf-dist/fonts/type1/public/nanumtype1/nanummjmb0.pfb><c:/texlive/2024/texmf-dist/fonts/type1/public/nanumtype1/nanummjmb1.pfb><c:/texlive/2024/texmf-dist/fonts/type1/public/nanumtype1/nanummjmb1.pfb><c:/texlive/2024/texmf-dist/fonts/type1/public/nanumtype1/nanummjmb2.pfb><c:/texlive/2024/texmf-dist/fonts/type1/public/nanumtype1/nanummjmb2.pfb><c:/texlive/2024/texmf-dist/fonts/type1/public/nanumtype1/nanummjmb3.pfb><c:/texlive/2024/texmf-dist/fonts/type1/public/nanumtype1/nanummjmb3.pfb><c:/texlive/2024/texmf-dist/fonts/type1/public/nanumtype1/nanummjmb4.pfb><c:/texlive/2024/texmf-dist/fonts/type1/public/nanumtype1/nanummjmb4.pfb><c:/texlive/2024/texmf-dist/fonts/type1/public/nanumtype1/nanummjmb5.pfb><c:/texlive/2024/texmf-dist/fonts/type1/public/nanumtype1/nanummjmb5.pfb><c:/texlive/2024/texmf-dist/fonts/type1/public/nanumtype1/nanummjmb6.pfb><c:/texlive/2024/texmf-dist/fonts/type1/public/nanumtype1/nanummjmb7.pfb><c:/texlive/2024/texmf-dist/fonts/type1/public/nanumtype1/nanummjmb7.pfb><c:/texlive/2024/texmf-dist/fonts/type1/public/nanumtype1/nanummjmb8.pfb><c:/texlive/2024/texmf-dist/fonts/type1/public/nanumtype1/nanummjmb8.pfb><c:/texlive/2024/texmf-dist/fonts/type1/public/nanumtype1/nanummjmb9.pfb><c:/texlive/2024/texmf-dist/fonts/type1/public/nanumtype1/nanummjmb9.pfb><c:/texlive/2024/texmf-dist/fonts/type1/public/nanumtype1/nanummjmba.pfb><c:/texlive/2024/texmf-dist/fonts/type1/public/nanumtype1/nanummjmba.pfb><c:/texlive/2024/texmf-dist/fonts/type1/public/nanumtype1/nanummjmbb.pfb><c:/texlive/2024/texmf-dist/fonts/type1/public/nanumtype1/nanummjmbb.pfb><c:/texlive/2024/texmf-dist/fonts/type1/public/nanumtype1/nanummjmbc.pfb><c:/texlive/2024/texmf-dist/fonts/type1/public/nanumtype1/nanummjmbc.pfb><c:/texlive/2024/texmf-dist/fonts/type1/public/nanumtype1/nanummjmbd.pfb><c:/texlive/2024/texmf-dist/fonts/type1/public/nanumtype1/nanummjmbd.pfb><c:/texlive/2024/texmf-dist/fonts/type1/public/nanumtype1/nanummjmbe.pfb><c:/texlive/2024/texmf-dist/fonts/type1/public/nanumtype1/nanummjmbe.pfb><c:/texlive/2024/texmf-dist/fonts/type1/public/nanumtype1/nanummjmbf.pfb><c:/texlive/2024/texmf-dist/fonts/type1/public/nanumtype1/nanummjmc0.pfb><c:/texlive/2024/texmf-dist/fonts/type1/public/nanumtype1/nanummjmc0.pfb><c:/texlive/2024/texmf-dist/fonts/type1/public/nanumtype1/nanummjmc1.pfb><c:/texlive/2024/texmf-dist/fonts/type1/public/nanumtype1/nanummjmc1.pfb><c:/texlive/2024/texmf-dist/fonts/type1/public/nanumtype1/nanummjmc2.pfb><c:/texlive/2024/texmf-dist/fonts/type1/public/nanumtype1/nanummjmc2.pfb><c:/texlive/2024/texmf-dist/fonts/type1/public/nanumtype1/nanummjmc3.pfb><c:/texlive/2024/texmf-dist/fonts/type1/public/nanumtype1/nanummjmc5.pfb><c:/texlive/2024/texmf-dist/fonts/type1/public/nanumtype1/nanummjmc5.pfb><c:/texlive/2024/texmf-dist/fonts/type1/public/nanumtype1/nanummjmc6.pfb><c:/texlive/2024/texmf-dist/fonts/type1/public/nanumtype1/nanummjmc6.pfb><c:/texlive/2024/texmf-dist/fonts/type1/public/nanumtype1/nanummjmc7.pfb><c:/texlive/2024/texmf-dist/fonts/type1/public/nanumtype1/nanummjmc7.pfb><c:/texlive/2024/texmf-dist/fonts/type1/public/nanumtype1/nanummjmc8.pfb><c:/texlive/2024/texmf-dist/fonts/type1/public/nanumtype1/nanummjmc8.pfb><c:/texlive/2024/texmf-dist/fonts/type1/public/nanumtype1/nanummjmc9.pfb><c:/texlive/2024/texmf-dist/fonts/type1/public/nanumtype1/nanummjmc9.pfb><c:/texlive/2024/texmf-dist/fonts/type1/public/nanumtype1/nanummjmcc.pfb><c:/texlive/2024/texmf-dist/fonts/type1/public/nanumtype1/nanummjmcc.pfb><c:/texlive/2024/texmf-dist/fonts/type1/public/nanumtype1/nanummjmcd.pfb><c:/texlive/2024/texmf-dist/fonts/type1/public/nanumtype1/nanummjmcd.pfb><c:/texlive/2024/texmf-dist/fonts/type1/public/nanumtype1/nanummjmce.pfb><c:/texlive/2024/texmf-dist/fonts/type1/public/nanumtype1/nanummjmce.pfb><c:/texlive/2024/texmf-dist/fonts/type1/public/nanumtype1/nanummjmcf.pfb><c:/texlive/2024/texmf-dist/fonts/type1/public/nanumtype1/nanummjmd0.pfb><c:/texlive/2024/texmf-dist/fonts/type1/public/nanumtype1/nanummjmd0.pfb><c:/texlive/2024/texmf-dist/fonts/type1/public/nanumtype1/nanummjmd1.pfb><c:/texlive/2024/texmf-dist/fonts/type1/public/nanumtype1/nanummjmd1.pfb><c:/texlive/2024/texmf-dist/fonts/type1/public/nanumtype1/nanummjmd2.pfb><c:/texlive/2024/texmf-dist/fonts/type1/public/nanumtype1/nanummjmd2.pfb><c:/texlive/2024/texmf-dist/fonts/type1/public/nanumtype1/nanummjmd3.pfb><c:/texlive/2024/texmf-dist/fonts/type1/public/nanumtype1/nanummjmd3.pfb><c:/texlive/2024/texmf-dist/fonts/type1/public/nanumtype1/nanummjmd4.pfb><c:/texlive/2024/texmf-dist/fonts/type1/public/nanumtype1/nanummjmd4.pfb><c:/texlive/2024/texmf-dist/fonts/type1/public/nanumtype1/nanummjmd5.pfb><c:/texlive/2024/texmf-dist/fonts/type1/public/nanumtype1/nanummjmd5.pfb><c:/texlive/2024/texmf-dist/fonts/type1/public/nanumtype1/nanummjmd6.pfb><c:/texlive/2024/texmf-dist/fonts/type1/public/nanumtype1/nanummjmd6.pfb><c:/texlive/2024/texmf-dist/fonts/type1/public/nanumtype1/nanummjmd7.pfb><c:/texlive/2024/texmf-dist/fonts/type1/urw/palatino/uplb8a.pfb><c:/texlive/2024/texmf-dist/fonts/type1/urw/palatino/uplr8a.pfb><c:/texlive/2024/texmf-dist/fonts/type1/urw/palatino/uplr8a.pfb><c:/texlive/2024/texmf-dist/fonts/type1/urw/palatino/uplri8a.pfb>
Output written on SettingDirection.pdf (19 pages, 4652838 bytes).
PDF statistics:
 710 PDF objects out of 1000 (max. 8388607)
 475 compressed objects within 5 object streams
 55 named destinations out of 1000 (max. 500000)
 70 words of extra memory for PDF output out of 10000 (max. 10000000)

